running egg_info
creating ../../build/3e8_ros2_foxglove/3e8_ros2_foxglove.egg-info
writing ../../build/3e8_ros2_foxglove/3e8_ros2_foxglove.egg-info/PKG-INFO
writing dependency_links to ../../build/3e8_ros2_foxglove/3e8_ros2_foxglove.egg-info/dependency_links.txt
writing entry points to ../../build/3e8_ros2_foxglove/3e8_ros2_foxglove.egg-info/entry_points.txt
writing requirements to ../../build/3e8_ros2_foxglove/3e8_ros2_foxglove.egg-info/requires.txt
writing top-level names to ../../build/3e8_ros2_foxglove/3e8_ros2_foxglove.egg-info/top_level.txt
writing manifest file '../../build/3e8_ros2_foxglove/3e8_ros2_foxglove.egg-info/SOURCES.txt'
reading manifest file '../../build/3e8_ros2_foxglove/3e8_ros2_foxglove.egg-info/SOURCES.txt'
adding license file 'LICENSE.txt'
writing manifest file '../../build/3e8_ros2_foxglove/3e8_ros2_foxglove.egg-info/SOURCES.txt'
running build
running build_py
creating /home/ikshwak/3e8_v1/3e8_ros2/build/3e8_ros2_foxglove/build
creating /home/ikshwak/3e8_v1/3e8_ros2/build/3e8_ros2_foxglove/build/lib
creating /home/ikshwak/3e8_v1/3e8_ros2/build/3e8_ros2_foxglove/build/lib/3e8_ros2_foxglove
copying 3e8_ros2_foxglove/__init__.py -> /home/ikshwak/3e8_v1/3e8_ros2/build/3e8_ros2_foxglove/build/lib/3e8_ros2_foxglove
running install
running install_lib
creating /home/ikshwak/3e8_v1/3e8_ros2/install/3e8_ros2_foxglove/lib/python3.12/site-packages/3e8_ros2_foxglove
copying /home/ikshwak/3e8_v1/3e8_ros2/build/3e8_ros2_foxglove/build/lib/3e8_ros2_foxglove/__init__.py -> /home/ikshwak/3e8_v1/3e8_ros2/install/3e8_ros2_foxglove/lib/python3.12/site-packages/3e8_ros2_foxglove
byte-compiling /home/ikshwak/3e8_v1/3e8_ros2/install/3e8_ros2_foxglove/lib/python3.12/site-packages/3e8_ros2_foxglove/__init__.py to __init__.cpython-312.pyc
running install_data
creating /home/ikshwak/3e8_v1/3e8_ros2/install/3e8_ros2_foxglove/share/ament_index
creating /home/ikshwak/3e8_v1/3e8_ros2/install/3e8_ros2_foxglove/share/ament_index/resource_index
creating /home/ikshwak/3e8_v1/3e8_ros2/install/3e8_ros2_foxglove/share/ament_index/resource_index/packages
copying resource/3e8_ros2_foxglove -> /home/ikshwak/3e8_v1/3e8_ros2/install/3e8_ros2_foxglove/share/ament_index/resource_index/packages
copying package.xml -> /home/ikshwak/3e8_v1/3e8_ros2/install/3e8_ros2_foxglove/share/3e8_ros2_foxglove
running install_egg_info
Copying ../../build/3e8_ros2_foxglove/3e8_ros2_foxglove.egg-info to /home/ikshwak/3e8_v1/3e8_ros2/install/3e8_ros2_foxglove/lib/python3.12/site-packages/3e8_ros2_foxglove-0.0.0-py3.12.egg-info
running install_scripts
Installing fix_camera_foxglove script to /home/ikshwak/3e8_v1/3e8_ros2/install/3e8_ros2_foxglove/lib/3e8_ros2_foxglove
writing list of installed files to '/home/ikshwak/3e8_v1/3e8_ros2/build/3e8_ros2_foxglove/install.log'
