running egg_info
creating ../../../build/foxglove_bridge/foxglove_bridge.egg-info
writing ../../../build/foxglove_bridge/foxglove_bridge.egg-info/PKG-INFO
writing dependency_links to ../../../build/foxglove_bridge/foxglove_bridge.egg-info/dependency_links.txt
writing requirements to ../../../build/foxglove_bridge/foxglove_bridge.egg-info/requires.txt
writing top-level names to ../../../build/foxglove_bridge/foxglove_bridge.egg-info/top_level.txt
writing manifest file '../../../build/foxglove_bridge/foxglove_bridge.egg-info/SOURCES.txt'
reading manifest file '../../../build/foxglove_bridge/foxglove_bridge.egg-info/SOURCES.txt'
writing manifest file '../../../build/foxglove_bridge/foxglove_bridge.egg-info/SOURCES.txt'
running build
running build_py
creating /home/ikshwak/3e8_v1/3e8_ros2/build/foxglove_bridge/build
creating /home/ikshwak/3e8_v1/3e8_ros2/build/foxglove_bridge/build/lib
creating /home/ikshwak/3e8_v1/3e8_ros2/build/foxglove_bridge/build/lib/foxglove_bridge
copying foxglove_bridge/__init__.py -> /home/ikshwak/3e8_v1/3e8_ros2/build/foxglove_bridge/build/lib/foxglove_bridge
running install
running install_lib
creating /home/ikshwak/3e8_v1/3e8_ros2/install/foxglove_bridge/lib/python3.12/site-packages/foxglove_bridge
copying /home/ikshwak/3e8_v1/3e8_ros2/build/foxglove_bridge/build/lib/foxglove_bridge/__init__.py -> /home/ikshwak/3e8_v1/3e8_ros2/install/foxglove_bridge/lib/python3.12/site-packages/foxglove_bridge
byte-compiling /home/ikshwak/3e8_v1/3e8_ros2/install/foxglove_bridge/lib/python3.12/site-packages/foxglove_bridge/__init__.py to __init__.cpython-312.pyc
running install_data
creating /home/ikshwak/3e8_v1/3e8_ros2/install/foxglove_bridge/share/ament_index
creating /home/ikshwak/3e8_v1/3e8_ros2/install/foxglove_bridge/share/ament_index/resource_index
creating /home/ikshwak/3e8_v1/3e8_ros2/install/foxglove_bridge/share/ament_index/resource_index/packages
copying resource/foxglove_bridge -> /home/ikshwak/3e8_v1/3e8_ros2/install/foxglove_bridge/share/ament_index/resource_index/packages
copying package.xml -> /home/ikshwak/3e8_v1/3e8_ros2/install/foxglove_bridge/share/foxglove_bridge
running install_egg_info
Copying ../../../build/foxglove_bridge/foxglove_bridge.egg-info to /home/ikshwak/3e8_v1/3e8_ros2/install/foxglove_bridge/lib/python3.12/site-packages/foxglove_bridge-0.0.0-py3.12.egg-info
running install_scripts
writing list of installed files to '/home/ikshwak/3e8_v1/3e8_ros2/build/foxglove_bridge/install.log'
