[0.548s] Invoking command in '/home/ikshwak/3e8_v1/3e8_ros2/src/3e8_ros2_foxglove/foxglove_bridge': DEBUGINFOD_URLS=https://debuginfod.ubuntu.com PYTHONPATH=/home/ikshwak/3e8_v1/3e8_ros2/build/foxglove_bridge/prefix_override:/usr/lib/python3/dist-packages/colcon_core/task/python/colcon_distutils_commands:/home/ikshwak/3e8_v1/3e8_ros2/install/foxglove_bridge/lib/python3.12/site-packages:${PYTHONPATH} /usr/bin/python3 -W ignore:setup.py install is deprecated -W ignore:easy_install command is deprecated setup.py egg_info --egg-base ../../../build/foxglove_bridge build --build-base /home/ikshwak/3e8_v1/3e8_ros2/build/foxglove_bridge/build install --record /home/ikshwak/3e8_v1/3e8_ros2/build/foxglove_bridge/install.log --single-version-externally-managed install_data
[0.732s] running egg_info
[0.733s] creating ../../../build/foxglove_bridge/foxglove_bridge.egg-info
[0.745s] writing ../../../build/foxglove_bridge/foxglove_bridge.egg-info/PKG-INFO
[0.745s] writing dependency_links to ../../../build/foxglove_bridge/foxglove_bridge.egg-info/dependency_links.txt
[0.745s] writing requirements to ../../../build/foxglove_bridge/foxglove_bridge.egg-info/requires.txt
[0.745s] writing top-level names to ../../../build/foxglove_bridge/foxglove_bridge.egg-info/top_level.txt
[0.745s] writing manifest file '../../../build/foxglove_bridge/foxglove_bridge.egg-info/SOURCES.txt'
[0.771s] reading manifest file '../../../build/foxglove_bridge/foxglove_bridge.egg-info/SOURCES.txt'
[0.771s] writing manifest file '../../../build/foxglove_bridge/foxglove_bridge.egg-info/SOURCES.txt'
[0.771s] running build
[0.771s] running build_py
[0.772s] creating /home/ikshwak/3e8_v1/3e8_ros2/build/foxglove_bridge/build
[0.772s] creating /home/ikshwak/3e8_v1/3e8_ros2/build/foxglove_bridge/build/lib
[0.772s] creating /home/ikshwak/3e8_v1/3e8_ros2/build/foxglove_bridge/build/lib/foxglove_bridge
[0.772s] copying foxglove_bridge/__init__.py -> /home/ikshwak/3e8_v1/3e8_ros2/build/foxglove_bridge/build/lib/foxglove_bridge
[0.772s] running install
[0.775s] running install_lib
[0.788s] creating /home/ikshwak/3e8_v1/3e8_ros2/install/foxglove_bridge/lib/python3.12/site-packages/foxglove_bridge
[0.788s] copying /home/ikshwak/3e8_v1/3e8_ros2/build/foxglove_bridge/build/lib/foxglove_bridge/__init__.py -> /home/ikshwak/3e8_v1/3e8_ros2/install/foxglove_bridge/lib/python3.12/site-packages/foxglove_bridge
[0.789s] byte-compiling /home/ikshwak/3e8_v1/3e8_ros2/install/foxglove_bridge/lib/python3.12/site-packages/foxglove_bridge/__init__.py to __init__.cpython-312.pyc
[0.789s] running install_data
[0.789s] creating /home/ikshwak/3e8_v1/3e8_ros2/install/foxglove_bridge/share/ament_index
[0.789s] creating /home/ikshwak/3e8_v1/3e8_ros2/install/foxglove_bridge/share/ament_index/resource_index
[0.789s] creating /home/ikshwak/3e8_v1/3e8_ros2/install/foxglove_bridge/share/ament_index/resource_index/packages
[0.789s] copying resource/foxglove_bridge -> /home/ikshwak/3e8_v1/3e8_ros2/install/foxglove_bridge/share/ament_index/resource_index/packages
[0.789s] copying package.xml -> /home/ikshwak/3e8_v1/3e8_ros2/install/foxglove_bridge/share/foxglove_bridge
[0.789s] running install_egg_info
[0.802s] Copying ../../../build/foxglove_bridge/foxglove_bridge.egg-info to /home/ikshwak/3e8_v1/3e8_ros2/install/foxglove_bridge/lib/python3.12/site-packages/foxglove_bridge-0.0.0-py3.12.egg-info
[0.803s] running install_scripts
[0.895s] writing list of installed files to '/home/ikshwak/3e8_v1/3e8_ros2/build/foxglove_bridge/install.log'
[0.910s] Invoked command in '/home/ikshwak/3e8_v1/3e8_ros2/src/3e8_ros2_foxglove/foxglove_bridge' returned '0': DEBUGINFOD_URLS=https://debuginfod.ubuntu.com PYTHONPATH=/home/ikshwak/3e8_v1/3e8_ros2/build/foxglove_bridge/prefix_override:/usr/lib/python3/dist-packages/colcon_core/task/python/colcon_distutils_commands:/home/ikshwak/3e8_v1/3e8_ros2/install/foxglove_bridge/lib/python3.12/site-packages:${PYTHONPATH} /usr/bin/python3 -W ignore:setup.py install is deprecated -W ignore:easy_install command is deprecated setup.py egg_info --egg-base ../../../build/foxglove_bridge build --build-base /home/ikshwak/3e8_v1/3e8_ros2/build/foxglove_bridge/build install --record /home/ikshwak/3e8_v1/3e8_ros2/build/foxglove_bridge/install.log --single-version-externally-managed install_data
